app/build/intermediates/manifest_merge_blame_file/debug/manifest-merger-blame-debug-report.txt
1<?xml version="1.0" encoding="utf-8"?>
2<manifest xmlns:android="http://schemas.android.com/apk/res/android"
3    package="app.balotsav.com.vvitbalotsav"
4    android:versionCode="5"
5    android:versionName="2.0" >
6
7    <uses-sdk
8        android:minSdkVersion="21"
8-->src/main/AndroidManifest.xml
9        android:targetSdkVersion="32" />
9-->src/main/AndroidManifest.xml
10
11    <uses-permission android:name="android.permission.ACCESS_COARSE_LOCATION" />
11-->src/main/AndroidManifest.xml:5:5-81
11-->src/main/AndroidManifest.xml:5:22-78
12    <uses-permission android:name="android.permission.ACCESS_FINE_LOCATION" />
12-->src/main/AndroidManifest.xml:6:5-79
12-->src/main/AndroidManifest.xml:6:22-76
13    <uses-permission android:name="android.permission.WRITE_EXTERNAL_STORAGE" />
13-->src/main/AndroidManifest.xml:7:5-81
13-->src/main/AndroidManifest.xml:7:22-78
14    <uses-permission android:name="android.permission.READ_EXTERNAL_STORAGE" />
14-->src/main/AndroidManifest.xml:8:5-80
14-->src/main/AndroidManifest.xml:8:22-77
15    <uses-permission android:name="android.permission.INTERNET" />
15-->src/main/AndroidManifest.xml:9:5-67
15-->src/main/AndroidManifest.xml:9:22-64
16    <uses-permission android:name="android.permission.ACCESS_NETWORK_STATE" />
16-->src/main/AndroidManifest.xml:13:5-79
16-->src/main/AndroidManifest.xml:13:22-76
17    <uses-permission android:name="android.permission.WAKE_LOCK" />
17-->src/main/AndroidManifest.xml:14:5-68
17-->src/main/AndroidManifest.xml:14:22-65
18
19    <application
19-->src/main/AndroidManifest.xml:16:5-97:19
20        android:allowBackup="false"
20-->src/main/AndroidManifest.xml:17:9-36
21        android:appComponentFactory="androidx.core.app.CoreComponentFactory"
21-->[androidx.core:core:1.8.0] AndroidManifest.xml:24:18-86
22        android:debuggable="true"
23        android:icon="@drawable/logo"
23-->src/main/AndroidManifest.xml:18:9-38
24        android:label="@string/app_name"
24-->src/main/AndroidManifest.xml:19:9-41
25        android:roundIcon="@mipmap/ic_launcher_round"
25-->src/main/AndroidManifest.xml:20:9-54
26        android:supportsRtl="true"
26-->src/main/AndroidManifest.xml:21:9-35
27        android:testOnly="true"
28        android:theme="@style/AppTheme1" >
28-->src/main/AndroidManifest.xml:22:9-41
29        <activity
29-->src/main/AndroidManifest.xml:23:9-27:15
30            android:name="app.balotsav.com.vvitbalotsav.activities.VideoActivity"
30-->src/main/AndroidManifest.xml:23:19-59
31            android:label="@string/video_gallery"
31-->src/main/AndroidManifest.xml:25:13-50
32            android:parentActivityName="app.balotsav.com.vvitbalotsav.activities.DashBoardActivity"
32-->src/main/AndroidManifest.xml:26:13-71
33            android:theme="@style/AppTheme" />
33-->src/main/AndroidManifest.xml:24:13-44
34
35        <service
35-->src/main/AndroidManifest.xml:29:9-33:41
36            android:name="app.balotsav.com.vvitbalotsav.utils.BackgroundService"
36-->src/main/AndroidManifest.xml:30:13-52
37            android:enabled="true"
37-->src/main/AndroidManifest.xml:31:13-35
38            android:exported="false"
38-->src/main/AndroidManifest.xml:32:13-37
39            android:process=":remote" />
39-->src/main/AndroidManifest.xml:33:13-38
40
41        <receiver
41-->src/main/AndroidManifest.xml:35:9-44:20
42            android:name="app.balotsav.com.vvitbalotsav.utils.AlarmReceiver"
42-->src/main/AndroidManifest.xml:36:13-48
43            android:directBootAware="true"
43-->src/main/AndroidManifest.xml:37:13-43
44            android:enabled="true"
44-->src/main/AndroidManifest.xml:38:13-35
45            android:exported="true" >
45-->src/main/AndroidManifest.xml:39:13-36
46            <intent-filter>
46-->src/main/AndroidManifest.xml:40:13-43:29
47                <action android:name="android.intent.action.BOOT_COMPLETED" />
47-->src/main/AndroidManifest.xml:41:17-79
47-->src/main/AndroidManifest.xml:41:25-76
48                <action android:name="android.intent.action.LOCKED_BOOT_COMPLETED" />
48-->src/main/AndroidManifest.xml:42:17-86
48-->src/main/AndroidManifest.xml:42:25-83
49            </intent-filter>
50        </receiver>
51
52        <activity
52-->src/main/AndroidManifest.xml:46:9-55:20
53            android:name="app.balotsav.com.vvitbalotsav.activities.SplashActivity"
53-->src/main/AndroidManifest.xml:48:13-54
54            android:exported="true"
54-->src/main/AndroidManifest.xml:47:13-36
55            android:screenOrientation="portrait" >
55-->src/main/AndroidManifest.xml:49:13-49
56            <intent-filter>
56-->src/main/AndroidManifest.xml:50:13-54:29
57                <action android:name="android.intent.action.MAIN" />
57-->src/main/AndroidManifest.xml:51:17-69
57-->src/main/AndroidManifest.xml:51:25-66
58
59                <category android:name="android.intent.category.LAUNCHER" />
59-->src/main/AndroidManifest.xml:53:17-77
59-->src/main/AndroidManifest.xml:53:27-74
60            </intent-filter>
61        </activity>
62        <activity
62-->src/main/AndroidManifest.xml:56:9-60:47
63            android:name="app.balotsav.com.vvitbalotsav.activities.RegisterActivity"
63-->src/main/AndroidManifest.xml:57:13-56
64            android:label="@string/new_user_register_here"
64-->src/main/AndroidManifest.xml:58:13-59
65            android:screenOrientation="portrait"
65-->src/main/AndroidManifest.xml:59:13-49
66            android:theme="@style/AppTheme" />
66-->src/main/AndroidManifest.xml:60:13-44
67        <activity
67-->src/main/AndroidManifest.xml:61:9-65:15
68            android:name="app.balotsav.com.vvitbalotsav.activities.LoginActivity"
68-->src/main/AndroidManifest.xml:62:13-53
69            android:label="@string/login"
69-->src/main/AndroidManifest.xml:63:13-42
70            android:screenOrientation="portrait" />
70-->src/main/AndroidManifest.xml:64:13-49
71        <activity
71-->src/main/AndroidManifest.xml:66:9-70:48
72            android:name="app.balotsav.com.vvitbalotsav.activities.DashBoardActivity"
72-->src/main/AndroidManifest.xml:67:13-57
73            android:launchMode="singleTop"
73-->src/main/AndroidManifest.xml:68:13-43
74            android:screenOrientation="portrait"
74-->src/main/AndroidManifest.xml:69:13-49
75            android:theme="@style/AppTheme1" />
75-->src/main/AndroidManifest.xml:70:13-45
76        <activity
76-->src/main/AndroidManifest.xml:71:9-75:15
77            android:name="app.balotsav.com.vvitbalotsav.activities.EventRegistrationActivity"
77-->src/main/AndroidManifest.xml:72:13-65
78            android:screenOrientation="portrait"
78-->src/main/AndroidManifest.xml:73:13-49
79            android:theme="@style/AppTheme1" />
79-->src/main/AndroidManifest.xml:74:13-45
80        <activity
80-->src/main/AndroidManifest.xml:76:9-80:73
81            android:name="app.balotsav.com.vvitbalotsav.activities.PdfViewActivity"
81-->src/main/AndroidManifest.xml:77:13-55
82            android:label="@string/pdf_view"
82-->src/main/AndroidManifest.xml:79:13-45
83            android:parentActivityName="app.balotsav.com.vvitbalotsav.activities.DashBoardActivity"
83-->src/main/AndroidManifest.xml:80:13-71
84            android:screenOrientation="portrait" />
84-->src/main/AndroidManifest.xml:78:13-49
85        <activity
85-->src/main/AndroidManifest.xml:81:9-86:73
86            android:name="app.balotsav.com.vvitbalotsav.activities.EditRegistrationActivity"
86-->src/main/AndroidManifest.xml:82:13-64
87            android:label="స్కూల్ రిజిస్ట్రేషన్ వివరములు"
87-->src/main/AndroidManifest.xml:83:13-58
88            android:parentActivityName="app.balotsav.com.vvitbalotsav.activities.DashBoardActivity"
88-->src/main/AndroidManifest.xml:86:13-71
89            android:screenOrientation="portrait"
89-->src/main/AndroidManifest.xml:84:13-49
90            android:theme="@style/AppTheme" />
90-->src/main/AndroidManifest.xml:85:13-44
91        <activity
91-->src/main/AndroidManifest.xml:87:9-90:52
92            android:name="app.balotsav.com.vvitbalotsav.activities.AboutActivity"
92-->src/main/AndroidManifest.xml:88:13-53
93            android:label="@string/about_us"
93-->src/main/AndroidManifest.xml:89:13-45
94            android:screenOrientation="portrait" />
94-->src/main/AndroidManifest.xml:90:13-49
95        <activity
95-->src/main/AndroidManifest.xml:91:9-96:16
96            android:name="app.balotsav.com.vvitbalotsav.activities.GalleryActivity"
96-->src/main/AndroidManifest.xml:92:13-55
97            android:label="@string/photo_gallery"
97-->src/main/AndroidManifest.xml:93:13-50
98            android:parentActivityName="app.balotsav.com.vvitbalotsav.activities.DashBoardActivity"
98-->src/main/AndroidManifest.xml:95:13-71
99            android:theme="@style/AppTheme" />
99-->src/main/AndroidManifest.xml:94:13-44
100
101        <service
101-->[com.google.firebase:firebase-database:20.1.0] AndroidManifest.xml:28:9-34:19
102            android:name="com.google.firebase.components.ComponentDiscoveryService"
102-->[com.google.firebase:firebase-database:20.1.0] AndroidManifest.xml:29:13-84
103            android:directBootAware="true"
103-->[com.google.firebase:firebase-common:20.2.0] AndroidManifest.xml:34:13-43
104            android:exported="false" >
104-->[com.google.firebase:firebase-database:20.1.0] AndroidManifest.xml:30:13-37
105            <meta-data
105-->[com.google.firebase:firebase-database:20.1.0] AndroidManifest.xml:31:13-33:85
106                android:name="com.google.firebase.components:com.google.firebase.database.DatabaseRegistrar"
106-->[com.google.firebase:firebase-database:20.1.0] AndroidManifest.xml:32:17-109
107                android:value="com.google.firebase.components.ComponentRegistrar" />
107-->[com.google.firebase:firebase-database:20.1.0] AndroidManifest.xml:33:17-82
108            <meta-data
108-->[com.google.firebase:firebase-auth:21.1.0] AndroidManifest.xml:67:13-69:85
109                android:name="com.google.firebase.components:com.google.firebase.auth.FirebaseAuthRegistrar"
109-->[com.google.firebase:firebase-auth:21.1.0] AndroidManifest.xml:68:17-109
110                android:value="com.google.firebase.components.ComponentRegistrar" />
110-->[com.google.firebase:firebase-auth:21.1.0] AndroidManifest.xml:69:17-82
111            <meta-data
111-->[com.google.firebase:firebase-storage:20.1.0] AndroidManifest.xml:32:13-34:85
112                android:name="com.google.firebase.components:com.google.firebase.storage.StorageRegistrar"
112-->[com.google.firebase:firebase-storage:20.1.0] AndroidManifest.xml:33:17-107
113                android:value="com.google.firebase.components.ComponentRegistrar" />
113-->[com.google.firebase:firebase-storage:20.1.0] AndroidManifest.xml:34:17-82
114        </service>
115
116        <activity
116-->[com.google.firebase:firebase-auth:21.1.0] AndroidManifest.xml:27:9-44:20
117            android:name="com.google.firebase.auth.internal.GenericIdpActivity"
117-->[com.google.firebase:firebase-auth:21.1.0] AndroidManifest.xml:28:13-80
118            android:excludeFromRecents="true"
118-->[com.google.firebase:firebase-auth:21.1.0] AndroidManifest.xml:29:13-46
119            android:exported="true"
119-->[com.google.firebase:firebase-auth:21.1.0] AndroidManifest.xml:30:13-36
120            android:launchMode="singleTask"
120-->[com.google.firebase:firebase-auth:21.1.0] AndroidManifest.xml:31:13-44
121            android:theme="@android:style/Theme.Translucent.NoTitleBar" >
121-->[com.google.firebase:firebase-auth:21.1.0] AndroidManifest.xml:32:13-72
122            <intent-filter>
122-->[com.google.firebase:firebase-auth:21.1.0] AndroidManifest.xml:33:13-43:29
123                <action android:name="android.intent.action.VIEW" />
123-->[com.google.firebase:firebase-auth:21.1.0] AndroidManifest.xml:34:17-69
123-->[com.google.firebase:firebase-auth:21.1.0] AndroidManifest.xml:34:25-66
124
125                <category android:name="android.intent.category.DEFAULT" />
125-->[com.google.firebase:firebase-auth:21.1.0] AndroidManifest.xml:36:17-76
125-->[com.google.firebase:firebase-auth:21.1.0] AndroidManifest.xml:36:27-73
126                <category android:name="android.intent.category.BROWSABLE" />
126-->[com.google.firebase:firebase-auth:21.1.0] AndroidManifest.xml:37:17-78
126-->[com.google.firebase:firebase-auth:21.1.0] AndroidManifest.xml:37:27-75
127
128                <data
128-->[com.google.firebase:firebase-auth:21.1.0] AndroidManifest.xml:39:17-42:51
129                    android:host="firebase.auth"
129-->[com.google.firebase:firebase-auth:21.1.0] AndroidManifest.xml:40:21-49
130                    android:path="/"
130-->[com.google.firebase:firebase-auth:21.1.0] AndroidManifest.xml:41:21-37
131                    android:scheme="genericidp" />
131-->[com.google.firebase:firebase-auth:21.1.0] AndroidManifest.xml:42:21-48
132            </intent-filter>
133        </activity>
134        <activity
134-->[com.google.firebase:firebase-auth:21.1.0] AndroidManifest.xml:45:9-62:20
135            android:name="com.google.firebase.auth.internal.RecaptchaActivity"
135-->[com.google.firebase:firebase-auth:21.1.0] AndroidManifest.xml:46:13-79
136            android:excludeFromRecents="true"
136-->[com.google.firebase:firebase-auth:21.1.0] AndroidManifest.xml:47:13-46
137            android:exported="true"
137-->[com.google.firebase:firebase-auth:21.1.0] AndroidManifest.xml:48:13-36
138            android:launchMode="singleTask"
138-->[com.google.firebase:firebase-auth:21.1.0] AndroidManifest.xml:49:13-44
139            android:theme="@android:style/Theme.Translucent.NoTitleBar" >
139-->[com.google.firebase:firebase-auth:21.1.0] AndroidManifest.xml:50:13-72
140            <intent-filter>
140-->[com.google.firebase:firebase-auth:21.1.0] AndroidManifest.xml:51:13-61:29
141                <action android:name="android.intent.action.VIEW" />
141-->[com.google.firebase:firebase-auth:21.1.0] AndroidManifest.xml:34:17-69
141-->[com.google.firebase:firebase-auth:21.1.0] AndroidManifest.xml:34:25-66
142
143                <category android:name="android.intent.category.DEFAULT" />
143-->[com.google.firebase:firebase-auth:21.1.0] AndroidManifest.xml:36:17-76
143-->[com.google.firebase:firebase-auth:21.1.0] AndroidManifest.xml:36:27-73
144                <category android:name="android.intent.category.BROWSABLE" />
144-->[com.google.firebase:firebase-auth:21.1.0] AndroidManifest.xml:37:17-78
144-->[com.google.firebase:firebase-auth:21.1.0] AndroidManifest.xml:37:27-75
145
146                <data
146-->[com.google.firebase:firebase-auth:21.1.0] AndroidManifest.xml:39:17-42:51
147                    android:host="firebase.auth"
147-->[com.google.firebase:firebase-auth:21.1.0] AndroidManifest.xml:40:21-49
148                    android:path="/"
148-->[com.google.firebase:firebase-auth:21.1.0] AndroidManifest.xml:41:21-37
149                    android:scheme="recaptcha" />
149-->[com.google.firebase:firebase-auth:21.1.0] AndroidManifest.xml:42:21-48
150            </intent-filter>
151        </activity>
152        <activity
152-->[com.google.android.gms:play-services-auth:20.3.0] AndroidManifest.xml:23:9-27:75
153            android:name="com.google.android.gms.auth.api.signin.internal.SignInHubActivity"
153-->[com.google.android.gms:play-services-auth:20.3.0] AndroidManifest.xml:24:13-93
154            android:excludeFromRecents="true"
154-->[com.google.android.gms:play-services-auth:20.3.0] AndroidManifest.xml:25:13-46
155            android:exported="false"
155-->[com.google.android.gms:play-services-auth:20.3.0] AndroidManifest.xml:26:13-37
156            android:theme="@android:style/Theme.Translucent.NoTitleBar" />
156-->[com.google.android.gms:play-services-auth:20.3.0] AndroidManifest.xml:27:13-72
157        <!--
158            Service handling Google Sign-In user revocation. For apps that do not integrate with
159            Google Sign-In, this service will never be started.
160        -->
161        <service
161-->[com.google.android.gms:play-services-auth:20.3.0] AndroidManifest.xml:33:9-37:51
162            android:name="com.google.android.gms.auth.api.signin.RevocationBoundService"
162-->[com.google.android.gms:play-services-auth:20.3.0] AndroidManifest.xml:34:13-89
163            android:exported="true"
163-->[com.google.android.gms:play-services-auth:20.3.0] AndroidManifest.xml:35:13-36
164            android:permission="com.google.android.gms.auth.api.signin.permission.REVOCATION_NOTIFICATION"
164-->[com.google.android.gms:play-services-auth:20.3.0] AndroidManifest.xml:36:13-107
165            android:visibleToInstantApps="true" />
165-->[com.google.android.gms:play-services-auth:20.3.0] AndroidManifest.xml:37:13-48
166
167        <activity
167-->[com.google.android.gms:play-services-base:18.0.1] AndroidManifest.xml:20:9-22:45
168            android:name="com.google.android.gms.common.api.GoogleApiActivity"
168-->[com.google.android.gms:play-services-base:18.0.1] AndroidManifest.xml:20:19-85
169            android:exported="false"
169-->[com.google.android.gms:play-services-base:18.0.1] AndroidManifest.xml:22:19-43
170            android:theme="@android:style/Theme.Translucent.NoTitleBar" />
170-->[com.google.android.gms:play-services-base:18.0.1] AndroidManifest.xml:21:19-78
171
172        <provider
172-->[com.google.firebase:firebase-common:20.2.0] AndroidManifest.xml:25:9-30:39
173            android:name="com.google.firebase.provider.FirebaseInitProvider"
173-->[com.google.firebase:firebase-common:20.2.0] AndroidManifest.xml:26:13-77
174            android:authorities="app.balotsav.com.vvitbalotsav.firebaseinitprovider"
174-->[com.google.firebase:firebase-common:20.2.0] AndroidManifest.xml:27:13-72
175            android:directBootAware="true"
175-->[com.google.firebase:firebase-common:20.2.0] AndroidManifest.xml:28:13-43
176            android:exported="false"
176-->[com.google.firebase:firebase-common:20.2.0] AndroidManifest.xml:29:13-37
177            android:initOrder="100" />
177-->[com.google.firebase:firebase-common:20.2.0] AndroidManifest.xml:30:13-36
178
179        <meta-data
179-->[com.google.android.gms:play-services-basement:18.1.0] AndroidManifest.xml:21:9-23:69
180            android:name="com.google.android.gms.version"
180-->[com.google.android.gms:play-services-basement:18.1.0] AndroidManifest.xml:22:13-58
181            android:value="@integer/google_play_services_version" />
181-->[com.google.android.gms:play-services-basement:18.1.0] AndroidManifest.xml:23:13-66
182
183        <provider
183-->[androidx.emoji2:emoji2:1.2.0] AndroidManifest.xml:24:9-32:20
184            android:name="androidx.startup.InitializationProvider"
184-->[androidx.emoji2:emoji2:1.2.0] AndroidManifest.xml:25:13-67
185            android:authorities="app.balotsav.com.vvitbalotsav.androidx-startup"
185-->[androidx.emoji2:emoji2:1.2.0] AndroidManifest.xml:26:13-68
186            android:exported="false" >
186-->[androidx.emoji2:emoji2:1.2.0] AndroidManifest.xml:27:13-37
187            <meta-data
187-->[androidx.emoji2:emoji2:1.2.0] AndroidManifest.xml:29:13-31:52
188                android:name="androidx.emoji2.text.EmojiCompatInitializer"
188-->[androidx.emoji2:emoji2:1.2.0] AndroidManifest.xml:30:17-75
189                android:value="androidx.startup" />
189-->[androidx.emoji2:emoji2:1.2.0] AndroidManifest.xml:31:17-49
190            <meta-data
190-->[androidx.lifecycle:lifecycle-process:2.4.1] AndroidManifest.xml:31:13-33:52
191                android:name="androidx.lifecycle.ProcessLifecycleInitializer"
191-->[androidx.lifecycle:lifecycle-process:2.4.1] AndroidManifest.xml:32:17-78
192                android:value="androidx.startup" />
192-->[androidx.lifecycle:lifecycle-process:2.4.1] AndroidManifest.xml:33:17-49
193            <meta-data
193-->[androidx.profileinstaller:profileinstaller:1.0.0] AndroidManifest.xml:31:13-33:52
194                android:name="androidx.profileinstaller.ProfileInstallerInitializer"
194-->[androidx.profileinstaller:profileinstaller:1.0.0] AndroidManifest.xml:32:17-85
195                android:value="androidx.startup" />
195-->[androidx.profileinstaller:profileinstaller:1.0.0] AndroidManifest.xml:33:17-49
196        </provider>
197
198        <receiver
198-->[androidx.profileinstaller:profileinstaller:1.0.0] AndroidManifest.xml:36:9-45:20
199            android:name="androidx.profileinstaller.ProfileInstallReceiver"
199-->[androidx.profileinstaller:profileinstaller:1.0.0] AndroidManifest.xml:37:13-76
200            android:directBootAware="false"
200-->[androidx.profileinstaller:profileinstaller:1.0.0] AndroidManifest.xml:38:13-44
201            android:enabled="true"
201-->[androidx.profileinstaller:profileinstaller:1.0.0] AndroidManifest.xml:39:13-35
202            android:exported="true"
202-->[androidx.profileinstaller:profileinstaller:1.0.0] AndroidManifest.xml:40:13-36
203            android:permission="android.permission.DUMP" >
203-->[androidx.profileinstaller:profileinstaller:1.0.0] AndroidManifest.xml:41:13-57
204            <intent-filter>
204-->[androidx.profileinstaller:profileinstaller:1.0.0] AndroidManifest.xml:42:13-44:29
205                <action android:name="androidx.profileinstaller.action.INSTALL_PROFILE" />
205-->[androidx.profileinstaller:profileinstaller:1.0.0] AndroidManifest.xml:43:17-91
205-->[androidx.profileinstaller:profileinstaller:1.0.0] AndroidManifest.xml:43:25-88
206            </intent-filter>
207        </receiver>
208    </application>
209
210</manifest>